<?xml version="1.0" encoding="UTF-8"?>
<!-- Generated by org.testng.reporters.JUnitReportReporter -->
<testsuite hostname="SKY-20161115XKA" name="MdvrTest.Day1" tests="2" failures="0" timestamp="6 Jan 2018 10:39:26 GMT" time="0.002" errors="2">
  <testcase name="Loginn2" time="0.001" classname="MdvrTest.Day1">
    <error type="org.ho.yaml.exception.YamlException" message="Error near line 0: End of document expected.">
      <![CDATA[org.ho.yaml.exception.YamlException: Error near line 0: End of document expected.
	at org.ho.yaml.JYamlParserEvent.error(Unknown Source)
	at org.ho.yaml.YamlDecoder.firstDocument(Unknown Source)
	at org.ho.yaml.YamlDecoder.readObjectOfType(Unknown Source)
	at org.ho.yaml.YamlConfig.loadType(Unknown Source)
	at org.ho.yaml.YamlConfig.loadType(Unknown Source)
	at org.ho.yaml.Yaml.loadType(Unknown Source)
	at com.Seleium.www.LocatoSamaple.getYamlFile(LocatoSamaple.java:35)
	at com.Seleium.www.LocatoSamaple.<init>(LocatoSamaple.java:26)
	at MdvrTest.Day1.Method(Day1.java:39)
	at sun.reflect.NativeMethodAccessorImpl.invoke0(Native Method)
	at sun.reflect.NativeMethodAccessorImpl.invoke(Unknown Source)
	at sun.reflect.DelegatingMethodAccessorImpl.invoke(Unknown Source)
	at java.lang.reflect.Method.invoke(Unknown Source)
	at org.testng.internal.MethodInvocationHelper.invokeMethod(MethodInvocationHelper.java:85)
	at org.testng.internal.Invoker.invokeConfigurationMethod(Invoker.java:510)
	at org.testng.internal.Invoker.invokeConfigurations(Invoker.java:211)
	at org.testng.internal.Invoker.invokeMethod(Invoker.java:585)
	at org.testng.internal.Invoker.invokeTestMethod(Invoker.java:816)
	at org.testng.internal.Invoker.invokeTestMethods(Invoker.java:1124)
	at org.testng.internal.TestMethodWorker.invokeTestMethods(TestMethodWorker.java:125)
	at org.testng.internal.TestMethodWorker.run(TestMethodWorker.java:108)
	at org.testng.TestRunner.privateRun(TestRunner.java:774)
	at org.testng.TestRunner.run(TestRunner.java:624)
	at org.testng.SuiteRunner.runTest(SuiteRunner.java:359)
	at org.testng.SuiteRunner.runSequentially(SuiteRunner.java:354)
	at org.testng.SuiteRunner.privateRun(SuiteRunner.java:312)
	at org.testng.SuiteRunner.run(SuiteRunner.java:261)
	at org.testng.SuiteRunnerWorker.runSuite(SuiteRunnerWorker.java:52)
	at org.testng.SuiteRunnerWorker.run(SuiteRunnerWorker.java:86)
	at org.testng.TestNG.runSuitesSequentially(TestNG.java:1215)
	at org.testng.TestNG.runSuitesLocally(TestNG.java:1140)
	at org.testng.TestNG.run(TestNG.java:1048)
	at org.testng.remote.AbstractRemoteTestNG.run(AbstractRemoteTestNG.java:114)
	at org.testng.remote.RemoteTestNG.initAndRun(RemoteTestNG.java:251)
	at org.testng.remote.RemoteTestNG.main(RemoteTestNG.java:77)
]]>
    </error>
  </testcase> <!-- Loginn2 -->
  <testcase name="Loginn" time="0.001" classname="MdvrTest.Day1">
    <error type="org.ho.yaml.exception.YamlException" message="Error near line 0: End of document expected.">
      <![CDATA[org.ho.yaml.exception.YamlException: Error near line 0: End of document expected.
	at org.ho.yaml.JYamlParserEvent.error(Unknown Source)
	at org.ho.yaml.YamlDecoder.firstDocument(Unknown Source)
	at org.ho.yaml.YamlDecoder.readObjectOfType(Unknown Source)
	at org.ho.yaml.YamlConfig.loadType(Unknown Source)
	at org.ho.yaml.YamlConfig.loadType(Unknown Source)
	at org.ho.yaml.Yaml.loadType(Unknown Source)
	at com.Seleium.www.LocatoSamaple.getYamlFile(LocatoSamaple.java:35)
	at com.Seleium.www.LocatoSamaple.<init>(LocatoSamaple.java:26)
	at MdvrTest.Day1.Method(Day1.java:39)
	at sun.reflect.NativeMethodAccessorImpl.invoke0(Native Method)
	at sun.reflect.NativeMethodAccessorImpl.invoke(Unknown Source)
	at sun.reflect.DelegatingMethodAccessorImpl.invoke(Unknown Source)
	at java.lang.reflect.Method.invoke(Unknown Source)
	at org.testng.internal.MethodInvocationHelper.invokeMethod(MethodInvocationHelper.java:85)
	at org.testng.internal.Invoker.invokeConfigurationMethod(Invoker.java:510)
	at org.testng.internal.Invoker.invokeConfigurations(Invoker.java:211)
	at org.testng.internal.Invoker.invokeMethod(Invoker.java:585)
	at org.testng.internal.Invoker.invokeTestMethod(Invoker.java:816)
	at org.testng.internal.Invoker.invokeTestMethods(Invoker.java:1124)
	at org.testng.internal.TestMethodWorker.invokeTestMethods(TestMethodWorker.java:125)
	at org.testng.internal.TestMethodWorker.run(TestMethodWorker.java:108)
	at org.testng.TestRunner.privateRun(TestRunner.java:774)
	at org.testng.TestRunner.run(TestRunner.java:624)
	at org.testng.SuiteRunner.runTest(SuiteRunner.java:359)
	at org.testng.SuiteRunner.runSequentially(SuiteRunner.java:354)
	at org.testng.SuiteRunner.privateRun(SuiteRunner.java:312)
	at org.testng.SuiteRunner.run(SuiteRunner.java:261)
	at org.testng.SuiteRunnerWorker.runSuite(SuiteRunnerWorker.java:52)
	at org.testng.SuiteRunnerWorker.run(SuiteRunnerWorker.java:86)
	at org.testng.TestNG.runSuitesSequentially(TestNG.java:1215)
	at org.testng.TestNG.runSuitesLocally(TestNG.java:1140)
	at org.testng.TestNG.run(TestNG.java:1048)
	at org.testng.remote.AbstractRemoteTestNG.run(AbstractRemoteTestNG.java:114)
	at org.testng.remote.RemoteTestNG.initAndRun(RemoteTestNG.java:251)
	at org.testng.remote.RemoteTestNG.main(RemoteTestNG.java:77)
]]>
    </error>
  </testcase> <!-- Loginn -->
</testsuite> <!-- MdvrTest.Day1 -->
