<?xml version="1.0" encoding="utf-8" standalone="no"?>
<!--This file represents the results of running a test suite-->
<test-results name="D:\giT\us\selenium\CrocusPlatformTest\TestUserLogin\bin\Debug\Crocus.TestUI.dll" total="1" errors="0" failures="1" not-run="0" inconclusive="0" ignored="0" skipped="0" invalid="0" date="2017-12-28" time="14:09:33">
  <environment nunit-version="2.6.3.13283" clr-version="2.0.50727.5477" os-version="Microsoft Windows NT 6.1.7601 Service Pack 1" platform="Win32NT" cwd="F:\软件安装\IT-开发\c_nuint\NUnit-2.6.3 GUI Tools\bin" machine-name="SKY-20161115XKA" user="Administrator" user-domain="SKY-20161115XKA" />
  <culture-info current-culture="zh-CN" current-uiculture="zh-CN" />
  <test-suite type="Assembly" name="D:\giT\us\selenium\CrocusPlatformTest\TestUserLogin\bin\Debug\Crocus.TestUI.dll" executed="True" result="Failure" success="False" time="16.805" asserts="0">
    <results>
      <test-suite type="Namespace" name="Crocus" executed="True" result="Failure" success="False" time="16.796" asserts="0">
        <results>
          <test-suite type="Namespace" name="TestUI" executed="True" result="Failure" success="False" time="16.796" asserts="0">
            <results>
              <test-suite type="TestFixture" name="Timee" executed="True" result="Error" success="False" time="16.794" asserts="0">
                <failure>
                  <message><![CDATA[SetUp : System.ArgumentNullException : text cannot be null
参数名: text]]></message>
                  <stack-trace><![CDATA[在 OpenQA.Selenium.Remote.RemoteWebElement.SendKeys(String text)
在 Crocus.TestUI.Timee.init() 位置 D:\giT\us\selenium\CrocusPlatformTest\TestUserLogin\Titme\Timee.cs:行号 36
]]></stack-trace>
                </failure>
                <results>
                  <test-case name="Crocus.TestUI.Timee.Titmesz" executed="True" result="Failure" success="False" time="0.000" asserts="0">
                    <failure>
                      <message><![CDATA[TestFixtureSetUp failed in Timee]]></message>
                      <stack-trace />
                    </failure>
                  </test-case>
                </results>
              </test-suite>
            </results>
          </test-suite>
        </results>
      </test-suite>
    </results>
  </test-suite>
</test-results>